2025-06-18T11:16:07.997Z [error] : uncaughtException: argument handler must be a function
TypeError: argument handler must be a function
    at Route.<computed> [as post] (/home/pawan-up/Desktop/ace-candidate-management/node_modules/router/lib/route.js:228:15)
    at Router.<computed> [as post] (/home/pawan-up/Desktop/ace-candidate-management/node_modules/router/index.js:448:19)
    at Object.<anonymous> (/home/pawan-up/Desktop/ace-candidate-management/api/v1/routes/candidate.routes.js:7:8)
    at Module._compile (node:internal/modules/cjs/loader:1267:14)
    at Module._extensions..js (node:internal/modules/cjs/loader:1321:10)
    at Module.load (node:internal/modules/cjs/loader:1125:32)
    at Module._load (node:internal/modules/cjs/loader:965:12)
    at Module.require (node:internal/modules/cjs/loader:1149:19)
    at require (node:internal/modules/helpers:121:18)
    at Object.<anonymous> (/home/pawan-up/Desktop/ace-candidate-management/api/v1/routes/index.js:5:12) {"error":{},"stack":"TypeError: argument handler must be a function\n    at Route.<computed> [as post] (/home/pawan-up/Desktop/ace-candidate-management/node_modules/router/lib/route.js:228:15)\n    at Router.<computed> [as post] (/home/pawan-up/Desktop/ace-candidate-management/node_modules/router/index.js:448:19)\n    at Object.<anonymous> (/home/pawan-up/Desktop/ace-candidate-management/api/v1/routes/candidate.routes.js:7:8)\n    at Module._compile (node:internal/modules/cjs/loader:1267:14)\n    at Module._extensions..js (node:internal/modules/cjs/loader:1321:10)\n    at Module.load (node:internal/modules/cjs/loader:1125:32)\n    at Module._load (node:internal/modules/cjs/loader:965:12)\n    at Module.require (node:internal/modules/cjs/loader:1149:19)\n    at require (node:internal/modules/helpers:121:18)\n    at Object.<anonymous> (/home/pawan-up/Desktop/ace-candidate-management/api/v1/routes/index.js:5:12)","exception":true,"date":"Wed Jun 18 2025 16:46:07 GMT+0530 (India Standard Time)","process":{"pid":51477,"uid":1003,"gid":1001,"cwd":"/home/pawan-up/Desktop/ace-candidate-management","execPath":"/usr/local/bin/node","version":"v20.1.0","argv":["/usr/local/bin/node","/home/pawan-up/Desktop/ace-candidate-management/index.js"],"memoryUsage":{"rss":87011328,"heapTotal":36167680,"heapUsed":23483616,"external":1659397,"arrayBuffers":526858}},"os":{"loadavg":[0.84,0.99,1.02],"uptime":26473.65},"trace":[{"column":15,"file":"/home/pawan-up/Desktop/ace-candidate-management/node_modules/router/lib/route.js","function":"Route.<computed> [as post]","line":228,"method":"<computed> [as post]","native":false},{"column":19,"file":"/home/pawan-up/Desktop/ace-candidate-management/node_modules/router/index.js","function":"Router.<computed> [as post]","line":448,"method":"<computed> [as post]","native":false},{"column":8,"file":"/home/pawan-up/Desktop/ace-candidate-management/api/v1/routes/candidate.routes.js","function":null,"line":7,"method":null,"native":false},{"column":14,"file":"node:internal/modules/cjs/loader","function":"Module._compile","line":1267,"method":"_compile","native":false},{"column":10,"file":"node:internal/modules/cjs/loader","function":"Module._extensions..js","line":1321,"method":".js","native":false},{"column":32,"file":"node:internal/modules/cjs/loader","function":"Module.load","line":1125,"method":"load","native":false},{"column":12,"file":"node:internal/modules/cjs/loader","function":"Module._load","line":965,"method":"_load","native":false},{"column":19,"file":"node:internal/modules/cjs/loader","function":"Module.require","line":1149,"method":"require","native":false},{"column":18,"file":"node:internal/modules/helpers","function":"require","line":121,"method":null,"native":false},{"column":12,"file":"/home/pawan-up/Desktop/ace-candidate-management/api/v1/routes/index.js","function":null,"line":5,"method":null,"native":false}]}
2025-06-18T11:16:39.144Z [error] : uncaughtException: argument handler must be a function
TypeError: argument handler must be a function
    at Route.<computed> [as post] (/home/pawan-up/Desktop/ace-candidate-management/node_modules/router/lib/route.js:228:15)
    at Router.<computed> [as post] (/home/pawan-up/Desktop/ace-candidate-management/node_modules/router/index.js:448:19)
    at Object.<anonymous> (/home/pawan-up/Desktop/ace-candidate-management/api/v1/routes/candidate.routes.js:7:8)
    at Module._compile (node:internal/modules/cjs/loader:1267:14)
    at Module._extensions..js (node:internal/modules/cjs/loader:1321:10)
    at Module.load (node:internal/modules/cjs/loader:1125:32)
    at Module._load (node:internal/modules/cjs/loader:965:12)
    at Module.require (node:internal/modules/cjs/loader:1149:19)
    at require (node:internal/modules/helpers:121:18)
    at Object.<anonymous> (/home/pawan-up/Desktop/ace-candidate-management/api/v1/routes/index.js:5:12) {"error":{},"stack":"TypeError: argument handler must be a function\n    at Route.<computed> [as post] (/home/pawan-up/Desktop/ace-candidate-management/node_modules/router/lib/route.js:228:15)\n    at Router.<computed> [as post] (/home/pawan-up/Desktop/ace-candidate-management/node_modules/router/index.js:448:19)\n    at Object.<anonymous> (/home/pawan-up/Desktop/ace-candidate-management/api/v1/routes/candidate.routes.js:7:8)\n    at Module._compile (node:internal/modules/cjs/loader:1267:14)\n    at Module._extensions..js (node:internal/modules/cjs/loader:1321:10)\n    at Module.load (node:internal/modules/cjs/loader:1125:32)\n    at Module._load (node:internal/modules/cjs/loader:965:12)\n    at Module.require (node:internal/modules/cjs/loader:1149:19)\n    at require (node:internal/modules/helpers:121:18)\n    at Object.<anonymous> (/home/pawan-up/Desktop/ace-candidate-management/api/v1/routes/index.js:5:12)","exception":true,"date":"Wed Jun 18 2025 16:46:39 GMT+0530 (India Standard Time)","process":{"pid":51600,"uid":1003,"gid":1001,"cwd":"/home/pawan-up/Desktop/ace-candidate-management","execPath":"/usr/local/bin/node","version":"v20.1.0","argv":["/usr/local/bin/node","/home/pawan-up/Desktop/ace-candidate-management/index.js"],"memoryUsage":{"rss":86396928,"heapTotal":35905536,"heapUsed":23290304,"external":1619799,"arrayBuffers":487260}},"os":{"loadavg":[0.87,0.99,1.01],"uptime":26504.79},"trace":[{"column":15,"file":"/home/pawan-up/Desktop/ace-candidate-management/node_modules/router/lib/route.js","function":"Route.<computed> [as post]","line":228,"method":"<computed> [as post]","native":false},{"column":19,"file":"/home/pawan-up/Desktop/ace-candidate-management/node_modules/router/index.js","function":"Router.<computed> [as post]","line":448,"method":"<computed> [as post]","native":false},{"column":8,"file":"/home/pawan-up/Desktop/ace-candidate-management/api/v1/routes/candidate.routes.js","function":null,"line":7,"method":null,"native":false},{"column":14,"file":"node:internal/modules/cjs/loader","function":"Module._compile","line":1267,"method":"_compile","native":false},{"column":10,"file":"node:internal/modules/cjs/loader","function":"Module._extensions..js","line":1321,"method":".js","native":false},{"column":32,"file":"node:internal/modules/cjs/loader","function":"Module.load","line":1125,"method":"load","native":false},{"column":12,"file":"node:internal/modules/cjs/loader","function":"Module._load","line":965,"method":"_load","native":false},{"column":19,"file":"node:internal/modules/cjs/loader","function":"Module.require","line":1149,"method":"require","native":false},{"column":18,"file":"node:internal/modules/helpers","function":"require","line":121,"method":null,"native":false},{"column":12,"file":"/home/pawan-up/Desktop/ace-candidate-management/api/v1/routes/index.js","function":null,"line":5,"method":null,"native":false}]}
2025-06-18T11:16:46.950Z [error] : SequelizeValidationError : notNull Violation: candidates.currentSalary cannot be null,
notNull Violation: candidates.expectedSalary cannot be null SequelizeValidationError: notNull Violation: candidates.currentSalary cannot be null,
notNull Violation: candidates.expectedSalary cannot be null
    at InstanceValidator._validate (/home/pawan-up/Desktop/ace-candidate-management/node_modules/sequelize/lib/instance-validator.js:50:13)
    at process.processTicksAndRejections (node:internal/process/task_queues:95:5)
    at async InstanceValidator._validateAndRunHooks (/home/pawan-up/Desktop/ace-candidate-management/node_modules/sequelize/lib/instance-validator.js:60:7)
    at async InstanceValidator.validate (/home/pawan-up/Desktop/ace-candidate-management/node_modules/sequelize/lib/instance-validator.js:54:12)
    at async model.save (/home/pawan-up/Desktop/ace-candidate-management/node_modules/sequelize/lib/model.js:2426:7)
    at async candidates.create (/home/pawan-up/Desktop/ace-candidate-management/node_modules/sequelize/lib/model.js:1362:12)
    at async Object.register (/home/pawan-up/Desktop/ace-candidate-management/api/v1/services/auth.services.js:9:24)
    at async insertCandidate (/home/pawan-up/Desktop/ace-candidate-management/api/v1/controller/candidate.controller.js:43:13) 
2025-06-18T11:17:58.216Z [error] : SequelizeValidationError : notNull Violation: candidates.expectedSalary cannot be null SequelizeValidationError: notNull Violation: candidates.expectedSalary cannot be null
    at InstanceValidator._validate (/home/pawan-up/Desktop/ace-candidate-management/node_modules/sequelize/lib/instance-validator.js:50:13)
    at process.processTicksAndRejections (node:internal/process/task_queues:95:5)
    at async InstanceValidator._validateAndRunHooks (/home/pawan-up/Desktop/ace-candidate-management/node_modules/sequelize/lib/instance-validator.js:60:7)
    at async InstanceValidator.validate (/home/pawan-up/Desktop/ace-candidate-management/node_modules/sequelize/lib/instance-validator.js:54:12)
    at async model.save (/home/pawan-up/Desktop/ace-candidate-management/node_modules/sequelize/lib/model.js:2426:7)
    at async candidates.create (/home/pawan-up/Desktop/ace-candidate-management/node_modules/sequelize/lib/model.js:1362:12)
    at async Object.register (/home/pawan-up/Desktop/ace-candidate-management/api/v1/services/auth.services.js:9:24)
    at async insertCandidate (/home/pawan-up/Desktop/ace-candidate-management/api/v1/controller/candidate.controller.js:43:13) 
2025-06-18T11:18:24.239Z [error] : SequelizeValidationError : notNull Violation: candidates.expectedSalary cannot be null SequelizeValidationError: notNull Violation: candidates.expectedSalary cannot be null
    at InstanceValidator._validate (/home/pawan-up/Desktop/ace-candidate-management/node_modules/sequelize/lib/instance-validator.js:50:13)
    at process.processTicksAndRejections (node:internal/process/task_queues:95:5)
    at async InstanceValidator._validateAndRunHooks (/home/pawan-up/Desktop/ace-candidate-management/node_modules/sequelize/lib/instance-validator.js:60:7)
    at async InstanceValidator.validate (/home/pawan-up/Desktop/ace-candidate-management/node_modules/sequelize/lib/instance-validator.js:54:12)
    at async model.save (/home/pawan-up/Desktop/ace-candidate-management/node_modules/sequelize/lib/model.js:2426:7)
    at async candidates.create (/home/pawan-up/Desktop/ace-candidate-management/node_modules/sequelize/lib/model.js:1362:12)
    at async Object.register (/home/pawan-up/Desktop/ace-candidate-management/api/v1/services/auth.services.js:9:24)
    at async insertCandidate (/home/pawan-up/Desktop/ace-candidate-management/api/v1/controller/candidate.controller.js:43:13) 
2025-06-18T11:18:33.002Z [error] : SequelizeValidationError : notNull Violation: candidates.expectedSalary cannot be null SequelizeValidationError: notNull Violation: candidates.expectedSalary cannot be null
    at InstanceValidator._validate (/home/pawan-up/Desktop/ace-candidate-management/node_modules/sequelize/lib/instance-validator.js:50:13)
    at process.processTicksAndRejections (node:internal/process/task_queues:95:5)
    at async InstanceValidator._validateAndRunHooks (/home/pawan-up/Desktop/ace-candidate-management/node_modules/sequelize/lib/instance-validator.js:60:7)
    at async InstanceValidator.validate (/home/pawan-up/Desktop/ace-candidate-management/node_modules/sequelize/lib/instance-validator.js:54:12)
    at async model.save (/home/pawan-up/Desktop/ace-candidate-management/node_modules/sequelize/lib/model.js:2426:7)
    at async candidates.create (/home/pawan-up/Desktop/ace-candidate-management/node_modules/sequelize/lib/model.js:1362:12)
    at async Object.register (/home/pawan-up/Desktop/ace-candidate-management/api/v1/services/auth.services.js:9:24)
    at async insertCandidate (/home/pawan-up/Desktop/ace-candidate-management/api/v1/controller/candidate.controller.js:43:13) 
2025-06-18T11:24:01.421Z [error] : uncaughtException: Cannot find module './user.models'
Require stack:
- /home/pawan-up/Desktop/ace-candidate-management/api/v1/models/index.js
- /home/pawan-up/Desktop/ace-candidate-management/api/v1/services/auth.services.js
- /home/pawan-up/Desktop/ace-candidate-management/api/v1/controller/auth.controller.js
- /home/pawan-up/Desktop/ace-candidate-management/api/v1/routes/auth.routes.js
- /home/pawan-up/Desktop/ace-candidate-management/api/v1/routes/index.js
- /home/pawan-up/Desktop/ace-candidate-management/api/index.js
- /home/pawan-up/Desktop/ace-candidate-management/index.js
Error: Cannot find module './user.models'
Require stack:
- /home/pawan-up/Desktop/ace-candidate-management/api/v1/models/index.js
- /home/pawan-up/Desktop/ace-candidate-management/api/v1/services/auth.services.js
- /home/pawan-up/Desktop/ace-candidate-management/api/v1/controller/auth.controller.js
- /home/pawan-up/Desktop/ace-candidate-management/api/v1/routes/auth.routes.js
- /home/pawan-up/Desktop/ace-candidate-management/api/v1/routes/index.js
- /home/pawan-up/Desktop/ace-candidate-management/api/index.js
- /home/pawan-up/Desktop/ace-candidate-management/index.js
    at Module._resolveFilename (node:internal/modules/cjs/loader:1082:15)
    at Module._load (node:internal/modules/cjs/loader:928:27)
    at Module.require (node:internal/modules/cjs/loader:1149:19)
    at require (node:internal/modules/helpers:121:18)
    at Object.<anonymous> (/home/pawan-up/Desktop/ace-candidate-management/api/v1/models/index.js:23:15)
    at Module._compile (node:internal/modules/cjs/loader:1267:14)
    at Module._extensions..js (node:internal/modules/cjs/loader:1321:10)
    at Module.load (node:internal/modules/cjs/loader:1125:32)
    at Module._load (node:internal/modules/cjs/loader:965:12)
    at Module.require (node:internal/modules/cjs/loader:1149:19) {"error":{"code":"MODULE_NOT_FOUND","requireStack":["/home/pawan-up/Desktop/ace-candidate-management/api/v1/models/index.js","/home/pawan-up/Desktop/ace-candidate-management/api/v1/services/auth.services.js","/home/pawan-up/Desktop/ace-candidate-management/api/v1/controller/auth.controller.js","/home/pawan-up/Desktop/ace-candidate-management/api/v1/routes/auth.routes.js","/home/pawan-up/Desktop/ace-candidate-management/api/v1/routes/index.js","/home/pawan-up/Desktop/ace-candidate-management/api/index.js","/home/pawan-up/Desktop/ace-candidate-management/index.js"]},"stack":"Error: Cannot find module './user.models'\nRequire stack:\n- /home/pawan-up/Desktop/ace-candidate-management/api/v1/models/index.js\n- /home/pawan-up/Desktop/ace-candidate-management/api/v1/services/auth.services.js\n- /home/pawan-up/Desktop/ace-candidate-management/api/v1/controller/auth.controller.js\n- /home/pawan-up/Desktop/ace-candidate-management/api/v1/routes/auth.routes.js\n- /home/pawan-up/Desktop/ace-candidate-management/api/v1/routes/index.js\n- /home/pawan-up/Desktop/ace-candidate-management/api/index.js\n- /home/pawan-up/Desktop/ace-candidate-management/index.js\n    at Module._resolveFilename (node:internal/modules/cjs/loader:1082:15)\n    at Module._load (node:internal/modules/cjs/loader:928:27)\n    at Module.require (node:internal/modules/cjs/loader:1149:19)\n    at require (node:internal/modules/helpers:121:18)\n    at Object.<anonymous> (/home/pawan-up/Desktop/ace-candidate-management/api/v1/models/index.js:23:15)\n    at Module._compile (node:internal/modules/cjs/loader:1267:14)\n    at Module._extensions..js (node:internal/modules/cjs/loader:1321:10)\n    at Module.load (node:internal/modules/cjs/loader:1125:32)\n    at Module._load (node:internal/modules/cjs/loader:965:12)\n    at Module.require (node:internal/modules/cjs/loader:1149:19)","exception":true,"date":"Wed Jun 18 2025 16:54:01 GMT+0530 (India Standard Time)","process":{"pid":52975,"uid":1003,"gid":1001,"cwd":"/home/pawan-up/Desktop/ace-candidate-management","execPath":"/usr/local/bin/node","version":"v20.1.0","argv":["/usr/local/bin/node","/home/pawan-up/Desktop/ace-candidate-management/index.js"],"memoryUsage":{"rss":85798912,"heapTotal":36167680,"heapUsed":23347360,"external":1892513,"arrayBuffers":759974}},"os":{"loadavg":[1.04,1.06,1.01],"uptime":26947.07},"trace":[{"column":15,"file":"node:internal/modules/cjs/loader","function":"Module._resolveFilename","line":1082,"method":"_resolveFilename","native":false},{"column":27,"file":"node:internal/modules/cjs/loader","function":"Module._load","line":928,"method":"_load","native":false},{"column":19,"file":"node:internal/modules/cjs/loader","function":"Module.require","line":1149,"method":"require","native":false},{"column":18,"file":"node:internal/modules/helpers","function":"require","line":121,"method":null,"native":false},{"column":15,"file":"/home/pawan-up/Desktop/ace-candidate-management/api/v1/models/index.js","function":null,"line":23,"method":null,"native":false},{"column":14,"file":"node:internal/modules/cjs/loader","function":"Module._compile","line":1267,"method":"_compile","native":false},{"column":10,"file":"node:internal/modules/cjs/loader","function":"Module._extensions..js","line":1321,"method":".js","native":false},{"column":32,"file":"node:internal/modules/cjs/loader","function":"Module.load","line":1125,"method":"load","native":false},{"column":12,"file":"node:internal/modules/cjs/loader","function":"Module._load","line":965,"method":"_load","native":false},{"column":19,"file":"node:internal/modules/cjs/loader","function":"Module.require","line":1149,"method":"require","native":false}]}
2025-06-18T11:26:29.290Z [error] : uncaughtException: require(...) is not a function
TypeError: require(...) is not a function
    at Object.<anonymous> (/home/pawan-up/Desktop/ace-candidate-management/api/v1/models/index.js:24:28)
    at Module._compile (node:internal/modules/cjs/loader:1267:14)
    at Module._extensions..js (node:internal/modules/cjs/loader:1321:10)
    at Module.load (node:internal/modules/cjs/loader:1125:32)
    at Module._load (node:internal/modules/cjs/loader:965:12)
    at Module.require (node:internal/modules/cjs/loader:1149:19)
    at require (node:internal/modules/helpers:121:18)
    at Object.<anonymous> (/home/pawan-up/Desktop/ace-candidate-management/api/v1/services/auth.services.js:3:12)
    at Module._compile (node:internal/modules/cjs/loader:1267:14)
    at Module._extensions..js (node:internal/modules/cjs/loader:1321:10) {"error":{},"stack":"TypeError: require(...) is not a function\n    at Object.<anonymous> (/home/pawan-up/Desktop/ace-candidate-management/api/v1/models/index.js:24:28)\n    at Module._compile (node:internal/modules/cjs/loader:1267:14)\n    at Module._extensions..js (node:internal/modules/cjs/loader:1321:10)\n    at Module.load (node:internal/modules/cjs/loader:1125:32)\n    at Module._load (node:internal/modules/cjs/loader:965:12)\n    at Module.require (node:internal/modules/cjs/loader:1149:19)\n    at require (node:internal/modules/helpers:121:18)\n    at Object.<anonymous> (/home/pawan-up/Desktop/ace-candidate-management/api/v1/services/auth.services.js:3:12)\n    at Module._compile (node:internal/modules/cjs/loader:1267:14)\n    at Module._extensions..js (node:internal/modules/cjs/loader:1321:10)","exception":true,"date":"Wed Jun 18 2025 16:56:29 GMT+0530 (India Standard Time)","process":{"pid":53691,"uid":1003,"gid":1001,"cwd":"/home/pawan-up/Desktop/ace-candidate-management","execPath":"/usr/local/bin/node","version":"v20.1.0","argv":["/usr/local/bin/node","/home/pawan-up/Desktop/ace-candidate-management/index.js"],"memoryUsage":{"rss":86188032,"heapTotal":36167680,"heapUsed":23309688,"external":1892513,"arrayBuffers":759974}},"os":{"loadavg":[1.6,1.12,1.03],"uptime":27094.94},"trace":[{"column":28,"file":"/home/pawan-up/Desktop/ace-candidate-management/api/v1/models/index.js","function":null,"line":24,"method":null,"native":false},{"column":14,"file":"node:internal/modules/cjs/loader","function":"Module._compile","line":1267,"method":"_compile","native":false},{"column":10,"file":"node:internal/modules/cjs/loader","function":"Module._extensions..js","line":1321,"method":".js","native":false},{"column":32,"file":"node:internal/modules/cjs/loader","function":"Module.load","line":1125,"method":"load","native":false},{"column":12,"file":"node:internal/modules/cjs/loader","function":"Module._load","line":965,"method":"_load","native":false},{"column":19,"file":"node:internal/modules/cjs/loader","function":"Module.require","line":1149,"method":"require","native":false},{"column":18,"file":"node:internal/modules/helpers","function":"require","line":121,"method":null,"native":false},{"column":12,"file":"/home/pawan-up/Desktop/ace-candidate-management/api/v1/services/auth.services.js","function":null,"line":3,"method":null,"native":false},{"column":14,"file":"node:internal/modules/cjs/loader","function":"Module._compile","line":1267,"method":"_compile","native":false},{"column":10,"file":"node:internal/modules/cjs/loader","function":"Module._extensions..js","line":1321,"method":".js","native":false}]}
2025-06-18T11:26:31.534Z [error] : uncaughtException: Cannot find module './u'
Require stack:
- /home/pawan-up/Desktop/ace-candidate-management/api/v1/models/index.js
- /home/pawan-up/Desktop/ace-candidate-management/api/v1/services/auth.services.js
- /home/pawan-up/Desktop/ace-candidate-management/api/v1/controller/auth.controller.js
- /home/pawan-up/Desktop/ace-candidate-management/api/v1/routes/auth.routes.js
- /home/pawan-up/Desktop/ace-candidate-management/api/v1/routes/index.js
- /home/pawan-up/Desktop/ace-candidate-management/api/index.js
- /home/pawan-up/Desktop/ace-candidate-management/index.js
Error: Cannot find module './u'
Require stack:
- /home/pawan-up/Desktop/ace-candidate-management/api/v1/models/index.js
- /home/pawan-up/Desktop/ace-candidate-management/api/v1/services/auth.services.js
- /home/pawan-up/Desktop/ace-candidate-management/api/v1/controller/auth.controller.js
- /home/pawan-up/Desktop/ace-candidate-management/api/v1/routes/auth.routes.js
- /home/pawan-up/Desktop/ace-candidate-management/api/v1/routes/index.js
- /home/pawan-up/Desktop/ace-candidate-management/api/index.js
- /home/pawan-up/Desktop/ace-candidate-management/index.js
    at Module._resolveFilename (node:internal/modules/cjs/loader:1082:15)
    at Module._load (node:internal/modules/cjs/loader:928:27)
    at Module.require (node:internal/modules/cjs/loader:1149:19)
    at require (node:internal/modules/helpers:121:18)
    at Object.<anonymous> (/home/pawan-up/Desktop/ace-candidate-management/api/v1/models/index.js:24:15)
    at Module._compile (node:internal/modules/cjs/loader:1267:14)
    at Module._extensions..js (node:internal/modules/cjs/loader:1321:10)
    at Module.load (node:internal/modules/cjs/loader:1125:32)
    at Module._load (node:internal/modules/cjs/loader:965:12)
    at Module.require (node:internal/modules/cjs/loader:1149:19) {"error":{"code":"MODULE_NOT_FOUND","requireStack":["/home/pawan-up/Desktop/ace-candidate-management/api/v1/models/index.js","/home/pawan-up/Desktop/ace-candidate-management/api/v1/services/auth.services.js","/home/pawan-up/Desktop/ace-candidate-management/api/v1/controller/auth.controller.js","/home/pawan-up/Desktop/ace-candidate-management/api/v1/routes/auth.routes.js","/home/pawan-up/Desktop/ace-candidate-management/api/v1/routes/index.js","/home/pawan-up/Desktop/ace-candidate-management/api/index.js","/home/pawan-up/Desktop/ace-candidate-management/index.js"]},"stack":"Error: Cannot find module './u'\nRequire stack:\n- /home/pawan-up/Desktop/ace-candidate-management/api/v1/models/index.js\n- /home/pawan-up/Desktop/ace-candidate-management/api/v1/services/auth.services.js\n- /home/pawan-up/Desktop/ace-candidate-management/api/v1/controller/auth.controller.js\n- /home/pawan-up/Desktop/ace-candidate-management/api/v1/routes/auth.routes.js\n- /home/pawan-up/Desktop/ace-candidate-management/api/v1/routes/index.js\n- /home/pawan-up/Desktop/ace-candidate-management/api/index.js\n- /home/pawan-up/Desktop/ace-candidate-management/index.js\n    at Module._resolveFilename (node:internal/modules/cjs/loader:1082:15)\n    at Module._load (node:internal/modules/cjs/loader:928:27)\n    at Module.require (node:internal/modules/cjs/loader:1149:19)\n    at require (node:internal/modules/helpers:121:18)\n    at Object.<anonymous> (/home/pawan-up/Desktop/ace-candidate-management/api/v1/models/index.js:24:15)\n    at Module._compile (node:internal/modules/cjs/loader:1267:14)\n    at Module._extensions..js (node:internal/modules/cjs/loader:1321:10)\n    at Module.load (node:internal/modules/cjs/loader:1125:32)\n    at Module._load (node:internal/modules/cjs/loader:965:12)\n    at Module.require (node:internal/modules/cjs/loader:1149:19)","exception":true,"date":"Wed Jun 18 2025 16:56:31 GMT+0530 (India Standard Time)","process":{"pid":53722,"uid":1003,"gid":1001,"cwd":"/home/pawan-up/Desktop/ace-candidate-management","execPath":"/usr/local/bin/node","version":"v20.1.0","argv":["/usr/local/bin/node","/home/pawan-up/Desktop/ace-candidate-management/index.js"],"memoryUsage":{"rss":84742144,"heapTotal":36167680,"heapUsed":24356008,"external":2171228,"arrayBuffers":1038689}},"os":{"loadavg":[1.47,1.1,1.02],"uptime":27097.18},"trace":[{"column":15,"file":"node:internal/modules/cjs/loader","function":"Module._resolveFilename","line":1082,"method":"_resolveFilename","native":false},{"column":27,"file":"node:internal/modules/cjs/loader","function":"Module._load","line":928,"method":"_load","native":false},{"column":19,"file":"node:internal/modules/cjs/loader","function":"Module.require","line":1149,"method":"require","native":false},{"column":18,"file":"node:internal/modules/helpers","function":"require","line":121,"method":null,"native":false},{"column":15,"file":"/home/pawan-up/Desktop/ace-candidate-management/api/v1/models/index.js","function":null,"line":24,"method":null,"native":false},{"column":14,"file":"node:internal/modules/cjs/loader","function":"Module._compile","line":1267,"method":"_compile","native":false},{"column":10,"file":"node:internal/modules/cjs/loader","function":"Module._extensions..js","line":1321,"method":".js","native":false},{"column":32,"file":"node:internal/modules/cjs/loader","function":"Module.load","line":1125,"method":"load","native":false},{"column":12,"file":"node:internal/modules/cjs/loader","function":"Module._load","line":965,"method":"_load","native":false},{"column":19,"file":"node:internal/modules/cjs/loader","function":"Module.require","line":1149,"method":"require","native":false}]}
2025-06-18T11:26:34.629Z [error] : uncaughtException: require(...) is not a function
TypeError: require(...) is not a function
    at Object.<anonymous> (/home/pawan-up/Desktop/ace-candidate-management/api/v1/models/index.js:24:27)
    at Module._compile (node:internal/modules/cjs/loader:1267:14)
    at Module._extensions..js (node:internal/modules/cjs/loader:1321:10)
    at Module.load (node:internal/modules/cjs/loader:1125:32)
    at Module._load (node:internal/modules/cjs/loader:965:12)
    at Module.require (node:internal/modules/cjs/loader:1149:19)
    at require (node:internal/modules/helpers:121:18)
    at Object.<anonymous> (/home/pawan-up/Desktop/ace-candidate-management/api/v1/services/auth.services.js:3:12)
    at Module._compile (node:internal/modules/cjs/loader:1267:14)
    at Module._extensions..js (node:internal/modules/cjs/loader:1321:10) {"error":{},"stack":"TypeError: require(...) is not a function\n    at Object.<anonymous> (/home/pawan-up/Desktop/ace-candidate-management/api/v1/models/index.js:24:27)\n    at Module._compile (node:internal/modules/cjs/loader:1267:14)\n    at Module._extensions..js (node:internal/modules/cjs/loader:1321:10)\n    at Module.load (node:internal/modules/cjs/loader:1125:32)\n    at Module._load (node:internal/modules/cjs/loader:965:12)\n    at Module.require (node:internal/modules/cjs/loader:1149:19)\n    at require (node:internal/modules/helpers:121:18)\n    at Object.<anonymous> (/home/pawan-up/Desktop/ace-candidate-management/api/v1/services/auth.services.js:3:12)\n    at Module._compile (node:internal/modules/cjs/loader:1267:14)\n    at Module._extensions..js (node:internal/modules/cjs/loader:1321:10)","exception":true,"date":"Wed Jun 18 2025 16:56:34 GMT+0530 (India Standard Time)","process":{"pid":53747,"uid":1003,"gid":1001,"cwd":"/home/pawan-up/Desktop/ace-candidate-management","execPath":"/usr/local/bin/node","version":"v20.1.0","argv":["/usr/local/bin/node","/home/pawan-up/Desktop/ace-candidate-management/index.js"],"memoryUsage":{"rss":84836352,"heapTotal":36429824,"heapUsed":24150944,"external":1949527,"arrayBuffers":816988}},"os":{"loadavg":[1.47,1.1,1.02],"uptime":27100.28},"trace":[{"column":27,"file":"/home/pawan-up/Desktop/ace-candidate-management/api/v1/models/index.js","function":null,"line":24,"method":null,"native":false},{"column":14,"file":"node:internal/modules/cjs/loader","function":"Module._compile","line":1267,"method":"_compile","native":false},{"column":10,"file":"node:internal/modules/cjs/loader","function":"Module._extensions..js","line":1321,"method":".js","native":false},{"column":32,"file":"node:internal/modules/cjs/loader","function":"Module.load","line":1125,"method":"load","native":false},{"column":12,"file":"node:internal/modules/cjs/loader","function":"Module._load","line":965,"method":"_load","native":false},{"column":19,"file":"node:internal/modules/cjs/loader","function":"Module.require","line":1149,"method":"require","native":false},{"column":18,"file":"node:internal/modules/helpers","function":"require","line":121,"method":null,"native":false},{"column":12,"file":"/home/pawan-up/Desktop/ace-candidate-management/api/v1/services/auth.services.js","function":null,"line":3,"method":null,"native":false},{"column":14,"file":"node:internal/modules/cjs/loader","function":"Module._compile","line":1267,"method":"_compile","native":false},{"column":10,"file":"node:internal/modules/cjs/loader","function":"Module._extensions..js","line":1321,"method":".js","native":false}]}
2025-06-18T11:26:59.507Z [error] : TypeError : Cannot read properties of undefined (reading 'findOne') TypeError: Cannot read properties of undefined (reading 'findOne')
    at Object.getUserByEmail (/home/pawan-up/Desktop/ace-candidate-management/api/v1/services/auth.services.js:19:42)
    at insertCandidate (/home/pawan-up/Desktop/ace-candidate-management/api/v1/controller/candidate.controller.js:26:52)
    at Layer.handleRequest (/home/pawan-up/Desktop/ace-candidate-management/node_modules/router/lib/layer.js:152:17)
    at next (/home/pawan-up/Desktop/ace-candidate-management/node_modules/router/lib/route.js:157:13)
    at Route.dispatch (/home/pawan-up/Desktop/ace-candidate-management/node_modules/router/lib/route.js:117:3)
    at handle (/home/pawan-up/Desktop/ace-candidate-management/node_modules/router/index.js:435:11)
    at Layer.handleRequest (/home/pawan-up/Desktop/ace-candidate-management/node_modules/router/lib/layer.js:152:17)
    at /home/pawan-up/Desktop/ace-candidate-management/node_modules/router/index.js:295:15
    at processParams (/home/pawan-up/Desktop/ace-candidate-management/node_modules/router/index.js:582:12)
    at next (/home/pawan-up/Desktop/ace-candidate-management/node_modules/router/index.js:291:5) 
2025-06-18T11:28:13.003Z [error] : uncaughtException: Unexpected token '.'
/home/pawan-up/Desktop/ace-candidate-management/api/v1/controller/candidate.controller.js:39
            await .register(postData);
                  ^

SyntaxError: Unexpected token '.'
    at internalCompileFunction (node:internal/vm:73:18)
    at wrapSafe (node:internal/modules/cjs/loader:1187:20)
    at Module._compile (node:internal/modules/cjs/loader:1231:27)
    at Module._extensions..js (node:internal/modules/cjs/loader:1321:10)
    at Module.load (node:internal/modules/cjs/loader:1125:32)
    at Module._load (node:internal/modules/cjs/loader:965:12)
    at Module.require (node:internal/modules/cjs/loader:1149:19)
    at require (node:internal/modules/helpers:121:18)
    at Object.<anonymous> (/home/pawan-up/Desktop/ace-candidate-management/api/v1/routes/candidate.routes.js:3:29)
    at Module._compile (node:internal/modules/cjs/loader:1267:14) {"error":{},"stack":"/home/pawan-up/Desktop/ace-candidate-management/api/v1/controller/candidate.controller.js:39\n            await .register(postData);\n                  ^\n\nSyntaxError: Unexpected token '.'\n    at internalCompileFunction (node:internal/vm:73:18)\n    at wrapSafe (node:internal/modules/cjs/loader:1187:20)\n    at Module._compile (node:internal/modules/cjs/loader:1231:27)\n    at Module._extensions..js (node:internal/modules/cjs/loader:1321:10)\n    at Module.load (node:internal/modules/cjs/loader:1125:32)\n    at Module._load (node:internal/modules/cjs/loader:965:12)\n    at Module.require (node:internal/modules/cjs/loader:1149:19)\n    at require (node:internal/modules/helpers:121:18)\n    at Object.<anonymous> (/home/pawan-up/Desktop/ace-candidate-management/api/v1/routes/candidate.routes.js:3:29)\n    at Module._compile (node:internal/modules/cjs/loader:1267:14)","exception":true,"date":"Wed Jun 18 2025 16:58:13 GMT+0530 (India Standard Time)","process":{"pid":53962,"uid":1003,"gid":1001,"cwd":"/home/pawan-up/Desktop/ace-candidate-management","execPath":"/usr/local/bin/node","version":"v20.1.0","argv":["/usr/local/bin/node","/home/pawan-up/Desktop/ace-candidate-management/index.js"],"memoryUsage":{"rss":87183360,"heapTotal":36429824,"heapUsed":22681744,"external":1489710,"arrayBuffers":357171}},"os":{"loadavg":[1.17,1.12,1.04],"uptime":27198.65},"trace":[{"column":18,"file":"node:internal/vm","function":"internalCompileFunction","line":73,"method":null,"native":false},{"column":20,"file":"node:internal/modules/cjs/loader","function":"wrapSafe","line":1187,"method":null,"native":false},{"column":27,"file":"node:internal/modules/cjs/loader","function":"Module._compile","line":1231,"method":"_compile","native":false},{"column":10,"file":"node:internal/modules/cjs/loader","function":"Module._extensions..js","line":1321,"method":".js","native":false},{"column":32,"file":"node:internal/modules/cjs/loader","function":"Module.load","line":1125,"method":"load","native":false},{"column":12,"file":"node:internal/modules/cjs/loader","function":"Module._load","line":965,"method":"_load","native":false},{"column":19,"file":"node:internal/modules/cjs/loader","function":"Module.require","line":1149,"method":"require","native":false},{"column":18,"file":"node:internal/modules/helpers","function":"require","line":121,"method":null,"native":false},{"column":29,"file":"/home/pawan-up/Desktop/ace-candidate-management/api/v1/routes/candidate.routes.js","function":null,"line":3,"method":null,"native":false},{"column":14,"file":"node:internal/modules/cjs/loader","function":"Module._compile","line":1267,"method":"_compile","native":false}]}
2025-06-18T11:28:17.459Z [error] : uncaughtException: Unexpected token '.'
/home/pawan-up/Desktop/ace-candidate-management/api/v1/controller/candidate.controller.js:39
            await .register(postData);
                  ^

SyntaxError: Unexpected token '.'
    at internalCompileFunction (node:internal/vm:73:18)
    at wrapSafe (node:internal/modules/cjs/loader:1187:20)
    at Module._compile (node:internal/modules/cjs/loader:1231:27)
    at Module._extensions..js (node:internal/modules/cjs/loader:1321:10)
    at Module.load (node:internal/modules/cjs/loader:1125:32)
    at Module._load (node:internal/modules/cjs/loader:965:12)
    at Module.require (node:internal/modules/cjs/loader:1149:19)
    at require (node:internal/modules/helpers:121:18)
    at Object.<anonymous> (/home/pawan-up/Desktop/ace-candidate-management/api/v1/routes/candidate.routes.js:3:29)
    at Module._compile (node:internal/modules/cjs/loader:1267:14) {"error":{},"stack":"/home/pawan-up/Desktop/ace-candidate-management/api/v1/controller/candidate.controller.js:39\n            await .register(postData);\n                  ^\n\nSyntaxError: Unexpected token '.'\n    at internalCompileFunction (node:internal/vm:73:18)\n    at wrapSafe (node:internal/modules/cjs/loader:1187:20)\n    at Module._compile (node:internal/modules/cjs/loader:1231:27)\n    at Module._extensions..js (node:internal/modules/cjs/loader:1321:10)\n    at Module.load (node:internal/modules/cjs/loader:1125:32)\n    at Module._load (node:internal/modules/cjs/loader:965:12)\n    at Module.require (node:internal/modules/cjs/loader:1149:19)\n    at require (node:internal/modules/helpers:121:18)\n    at Object.<anonymous> (/home/pawan-up/Desktop/ace-candidate-management/api/v1/routes/candidate.routes.js:3:29)\n    at Module._compile (node:internal/modules/cjs/loader:1267:14)","exception":true,"date":"Wed Jun 18 2025 16:58:17 GMT+0530 (India Standard Time)","process":{"pid":54025,"uid":1003,"gid":1001,"cwd":"/home/pawan-up/Desktop/ace-candidate-management","execPath":"/usr/local/bin/node","version":"v20.1.0","argv":["/usr/local/bin/node","/home/pawan-up/Desktop/ace-candidate-management/index.js"],"memoryUsage":{"rss":88363008,"heapTotal":36691968,"heapUsed":21992096,"external":1352226,"arrayBuffers":219687}},"os":{"loadavg":[1.24,1.13,1.04],"uptime":27203.11},"trace":[{"column":18,"file":"node:internal/vm","function":"internalCompileFunction","line":73,"method":null,"native":false},{"column":20,"file":"node:internal/modules/cjs/loader","function":"wrapSafe","line":1187,"method":null,"native":false},{"column":27,"file":"node:internal/modules/cjs/loader","function":"Module._compile","line":1231,"method":"_compile","native":false},{"column":10,"file":"node:internal/modules/cjs/loader","function":"Module._extensions..js","line":1321,"method":".js","native":false},{"column":32,"file":"node:internal/modules/cjs/loader","function":"Module.load","line":1125,"method":"load","native":false},{"column":12,"file":"node:internal/modules/cjs/loader","function":"Module._load","line":965,"method":"_load","native":false},{"column":19,"file":"node:internal/modules/cjs/loader","function":"Module.require","line":1149,"method":"require","native":false},{"column":18,"file":"node:internal/modules/helpers","function":"require","line":121,"method":null,"native":false},{"column":29,"file":"/home/pawan-up/Desktop/ace-candidate-management/api/v1/routes/candidate.routes.js","function":null,"line":3,"method":null,"native":false},{"column":14,"file":"node:internal/modules/cjs/loader","function":"Module._compile","line":1267,"method":"_compile","native":false}]}
2025-06-18T11:44:51.367Z [error] : uncaughtException: Access denied for user ''@'localhost' (using password: NO)
SequelizeAccessDeniedError: Access denied for user ''@'localhost' (using password: NO)
    at ConnectionManager.connect (/home/pawan-up/Desktop/acewebx-crm/node_modules/sequelize/lib/dialects/mysql/connection-manager.js:94:17)
    at process.processTicksAndRejections (node:internal/process/task_queues:95:5)
    at async ConnectionManager._connect (/home/pawan-up/Desktop/acewebx-crm/node_modules/sequelize/lib/dialects/abstract/connection-manager.js:222:24)
    at async /home/pawan-up/Desktop/acewebx-crm/node_modules/sequelize/lib/dialects/abstract/connection-manager.js:174:32
    at async ConnectionManager.getConnection (/home/pawan-up/Desktop/acewebx-crm/node_modules/sequelize/lib/dialects/abstract/connection-manager.js:197:7)
    at async /home/pawan-up/Desktop/acewebx-crm/node_modules/sequelize/lib/sequelize.js:305:26
    at async MySQLQueryInterface.tableExists (/home/pawan-up/Desktop/acewebx-crm/node_modules/sequelize/lib/dialects/abstract/query-interface.js:102:17)
    at async candidates.sync (/home/pawan-up/Desktop/acewebx-crm/node_modules/sequelize/lib/model.js:939:21)
    at async Sequelize.sync (/home/pawan-up/Desktop/acewebx-crm/node_modules/sequelize/lib/sequelize.js:377:9) {"error":{"name":"SequelizeAccessDeniedError","parent":{"code":"ER_ACCESS_DENIED_ERROR","errno":1045,"sqlState":"28000","sqlMessage":"Access denied for user ''@'localhost' (using password: NO)"},"original":{"code":"ER_ACCESS_DENIED_ERROR","errno":1045,"sqlState":"28000","sqlMessage":"Access denied for user ''@'localhost' (using password: NO)"}},"stack":"SequelizeAccessDeniedError: Access denied for user ''@'localhost' (using password: NO)\n    at ConnectionManager.connect (/home/pawan-up/Desktop/acewebx-crm/node_modules/sequelize/lib/dialects/mysql/connection-manager.js:94:17)\n    at process.processTicksAndRejections (node:internal/process/task_queues:95:5)\n    at async ConnectionManager._connect (/home/pawan-up/Desktop/acewebx-crm/node_modules/sequelize/lib/dialects/abstract/connection-manager.js:222:24)\n    at async /home/pawan-up/Desktop/acewebx-crm/node_modules/sequelize/lib/dialects/abstract/connection-manager.js:174:32\n    at async ConnectionManager.getConnection (/home/pawan-up/Desktop/acewebx-crm/node_modules/sequelize/lib/dialects/abstract/connection-manager.js:197:7)\n    at async /home/pawan-up/Desktop/acewebx-crm/node_modules/sequelize/lib/sequelize.js:305:26\n    at async MySQLQueryInterface.tableExists (/home/pawan-up/Desktop/acewebx-crm/node_modules/sequelize/lib/dialects/abstract/query-interface.js:102:17)\n    at async candidates.sync (/home/pawan-up/Desktop/acewebx-crm/node_modules/sequelize/lib/model.js:939:21)\n    at async Sequelize.sync (/home/pawan-up/Desktop/acewebx-crm/node_modules/sequelize/lib/sequelize.js:377:9)","exception":true,"date":"Wed Jun 18 2025 17:14:51 GMT+0530 (India Standard Time)","process":{"pid":56394,"uid":1003,"gid":1001,"cwd":"/home/pawan-up/Desktop/acewebx-crm","execPath":"/usr/local/bin/node","version":"v20.1.0","argv":["/usr/local/bin/node","/home/pawan-up/Desktop/acewebx-crm/index.js"],"memoryUsage":{"rss":89731072,"heapTotal":36954112,"heapUsed":24991824,"external":1659417,"arrayBuffers":496697}},"os":{"loadavg":[1,0.98,0.95],"uptime":28197.02},"trace":[{"column":17,"file":"/home/pawan-up/Desktop/acewebx-crm/node_modules/sequelize/lib/dialects/mysql/connection-manager.js","function":"ConnectionManager.connect","line":94,"method":"connect","native":false},{"column":5,"file":"node:internal/process/task_queues","function":"process.processTicksAndRejections","line":95,"method":"processTicksAndRejections","native":false},{"column":24,"file":"/home/pawan-up/Desktop/acewebx-crm/node_modules/sequelize/lib/dialects/abstract/connection-manager.js","function":"async ConnectionManager._connect","line":222,"method":"_connect","native":false},{"column":32,"file":"async /home/pawan-up/Desktop/acewebx-crm/node_modules/sequelize/lib/dialects/abstract/connection-manager.js","function":null,"line":174,"method":null,"native":false},{"column":7,"file":"/home/pawan-up/Desktop/acewebx-crm/node_modules/sequelize/lib/dialects/abstract/connection-manager.js","function":"async ConnectionManager.getConnection","line":197,"method":"getConnection","native":false},{"column":26,"file":"async /home/pawan-up/Desktop/acewebx-crm/node_modules/sequelize/lib/sequelize.js","function":null,"line":305,"method":null,"native":false},{"column":17,"file":"/home/pawan-up/Desktop/acewebx-crm/node_modules/sequelize/lib/dialects/abstract/query-interface.js","function":"async MySQLQueryInterface.tableExists","line":102,"method":"tableExists","native":false},{"column":21,"file":"/home/pawan-up/Desktop/acewebx-crm/node_modules/sequelize/lib/model.js","function":"async candidates.sync","line":939,"method":"sync","native":false},{"column":9,"file":"/home/pawan-up/Desktop/acewebx-crm/node_modules/sequelize/lib/sequelize.js","function":"async Sequelize.sync","line":377,"method":"sync","native":false}]}
